<?xml version="1.0" encoding="UTF-8"?>
<testsuite xmlns:xsi="http://www.w3.org/2001/XMLSchema-instance" xsi:noNamespaceSchemaLocation="https://maven.apache.org/surefire/maven-surefire-plugin/xsd/surefire-test-report.xsd" name="ru.gb.OpenWeatherTest" time="47.256" tests="195" errors="0" skipped="0" failures="0">
  <properties>
[...]
</properties>
  <testcase name="getHourlyForecastFor48Hours{String, int, float, float, String}[1]" classname="ru.gb.OpenWeatherTest" time="0.368"/>
  <testcase name="getHourlyForecastFor48Hours{String, int, float, float, String}[2]" classname="ru.gb.OpenWeatherTest" time="0.22"/>
  <testcase name="getHourlyForecastFor48Hours{String, int, float, float, String}[3]" classname="ru.gb.OpenWeatherTest" time="0.209"/>
  <testcase name="getHourlyForecastFor48Hours{String, int, float, float, String}[4]" classname="ru.gb.OpenWeatherTest" time="0.21"/>
  <testcase name="getHourlyForecastFor48Hours{String, int, float, float, String}[5]" classname="ru.gb.OpenWeatherTest" time="0.212"/>
  <testcase name="getHourlyForecastFor48Hours{String, int, float, float, String}[6]" classname="ru.gb.OpenWeatherTest" time="0.214"/>
  <testcase name="getHourlyForecastFor48Hours{String, int, float, float, String}[7]" classname="ru.gb.OpenWeatherTest" time="0.205"/>
  <testcase name="getHourlyForecastFor48Hours{String, int, float, float, String}[8]" classname="ru.gb.OpenWeatherTest" time="0.235"/>
  <testcase name="getHourlyForecastFor48Hours{String, int, float, float, String}[9]" classname="ru.gb.OpenWeatherTest" time="0.201"/>
  <testcase name="getHourlyForecastFor48Hours{String, int, float, float, String}[10]" classname="ru.gb.OpenWeatherTest" time="0.273"/>
  <testcase name="getHourlyForecastFor48Hours{String, int, float, float, String}[11]" classname="ru.gb.OpenWeatherTest" time="0.184"/>
  <testcase name="getHourlyForecastFor48Hours{String, int, float, float, String}[12]" classname="ru.gb.OpenWeatherTest" time="0.282"/>
  <testcase name="getHourlyForecastFor48Hours{String, int, float, float, String}[13]" classname="ru.gb.OpenWeatherTest" time="0.231"/>
  <testcase name="getHourlyForecastFor48Hours{String, int, float, float, String}[14]" classname="ru.gb.OpenWeatherTest" time="0.164"/>
  <testcase name="getHourlyForecastFor48Hours{String, int, float, float, String}[15]" classname="ru.gb.OpenWeatherTest" time="0.246"/>
  <testcase name="getAirPollutionData{String, int, float, float}[1]" classname="ru.gb.OpenWeatherTest" time="0.151"/>
  <testcase name="getAirPollutionData{String, int, float, float}[2]" classname="ru.gb.OpenWeatherTest" time="0.173"/>
  <testcase name="getAirPollutionData{String, int, float, float}[3]" classname="ru.gb.OpenWeatherTest" time="0.2"/>
  <testcase name="getAirPollutionData{String, int, float, float}[4]" classname="ru.gb.OpenWeatherTest" time="0.205"/>
  <testcase name="getAirPollutionData{String, int, float, float}[5]" classname="ru.gb.OpenWeatherTest" time="0.189"/>
  <testcase name="getAirPollutionData{String, int, float, float}[6]" classname="ru.gb.OpenWeatherTest" time="0.21"/>
  <testcase name="getAirPollutionData{String, int, float, float}[7]" classname="ru.gb.OpenWeatherTest" time="0.221"/>
  <testcase name="getAirPollutionData{String, int, float, float}[8]" classname="ru.gb.OpenWeatherTest" time="0.205"/>
  <testcase name="getAirPollutionData{String, int, float, float}[9]" classname="ru.gb.OpenWeatherTest" time="0.19"/>
  <testcase name="getAirPollutionData{String, int, float, float}[10]" classname="ru.gb.OpenWeatherTest" time="0.253"/>
  <testcase name="getAirPollutionData{String, int, float, float}[11]" classname="ru.gb.OpenWeatherTest" time="0.681"/>
  <testcase name="getAirPollutionData{String, int, float, float}[12]" classname="ru.gb.OpenWeatherTest" time="0.22"/>
  <testcase name="getAirPollutionData{String, int, float, float}[13]" classname="ru.gb.OpenWeatherTest" time="0.224"/>
  <testcase name="getAirPollutionData{String, int, float, float}[14]" classname="ru.gb.OpenWeatherTest" time="0.238"/>
  <testcase name="getAirPollutionData{String, int, float, float}[15]" classname="ru.gb.OpenWeatherTest" time="0.191"/>
  <testcase name="getCurrentWeatherByCityName{String, int, float, float}[1]" classname="ru.gb.OpenWeatherTest" time="0.151"/>
  <testcase name="getCurrentWeatherByCityName{String, int, float, float}[2]" classname="ru.gb.OpenWeatherTest" time="0.176"/>
  <testcase name="getCurrentWeatherByCityName{String, int, float, float}[3]" classname="ru.gb.OpenWeatherTest" time="0.149"/>
  <testcase name="getCurrentWeatherByCityName{String, int, float, float}[4]" classname="ru.gb.OpenWeatherTest" time="0.149"/>
  <testcase name="getCurrentWeatherByCityName{String, int, float, float}[5]" classname="ru.gb.OpenWeatherTest" time="0.153"/>
  <testcase name="getCurrentWeatherByCityName{String, int, float, float}[6]" classname="ru.gb.OpenWeatherTest" time="0.208"/>
  <testcase name="getCurrentWeatherByCityName{String, int, float, float}[7]" classname="ru.gb.OpenWeatherTest" time="0.15"/>
  <testcase name="getCurrentWeatherByCityName{String, int, float, float}[8]" classname="ru.gb.OpenWeatherTest" time="0.206"/>
  <testcase name="getCurrentWeatherByCityName{String, int, float, float}[9]" classname="ru.gb.OpenWeatherTest" time="0.207"/>
  <testcase name="getCurrentWeatherByCityName{String, int, float, float}[10]" classname="ru.gb.OpenWeatherTest" time="0.18"/>
  <testcase name="getCurrentWeatherByCityName{String, int, float, float}[11]" classname="ru.gb.OpenWeatherTest" time="0.206"/>
  <testcase name="getCurrentWeatherByCityName{String, int, float, float}[12]" classname="ru.gb.OpenWeatherTest" time="0.174"/>
  <testcase name="getCurrentWeatherByCityName{String, int, float, float}[13]" classname="ru.gb.OpenWeatherTest" time="0.153"/>
  <testcase name="getCurrentWeatherByCityName{String, int, float, float}[14]" classname="ru.gb.OpenWeatherTest" time="0.19"/>
  <testcase name="getCurrentWeatherByCityName{String, int, float, float}[15]" classname="ru.gb.OpenWeatherTest" time="0.173"/>
  <testcase name="getNationalWeatherAlerts{String, int, float, float, String}[1]" classname="ru.gb.OpenWeatherTest" time="0.259"/>
  <testcase name="getNationalWeatherAlerts{String, int, float, float, String}[2]" classname="ru.gb.OpenWeatherTest" time="0.199"/>
  <testcase name="getNationalWeatherAlerts{String, int, float, float, String}[3]" classname="ru.gb.OpenWeatherTest" time="0.201"/>
  <testcase name="getNationalWeatherAlerts{String, int, float, float, String}[4]" classname="ru.gb.OpenWeatherTest" time="0.214"/>
  <testcase name="getNationalWeatherAlerts{String, int, float, float, String}[5]" classname="ru.gb.OpenWeatherTest" time="0.187"/>
  <testcase name="getNationalWeatherAlerts{String, int, float, float, String}[6]" classname="ru.gb.OpenWeatherTest" time="0.203"/>
  <testcase name="getNationalWeatherAlerts{String, int, float, float, String}[7]" classname="ru.gb.OpenWeatherTest" time="0.191"/>
  <testcase name="getNationalWeatherAlerts{String, int, float, float, String}[8]" classname="ru.gb.OpenWeatherTest" time="0.203"/>
  <testcase name="getNationalWeatherAlerts{String, int, float, float, String}[9]" classname="ru.gb.OpenWeatherTest" time="0.17"/>
  <testcase name="getNationalWeatherAlerts{String, int, float, float, String}[10]" classname="ru.gb.OpenWeatherTest" time="0.38"/>
  <testcase name="getNationalWeatherAlerts{String, int, float, float, String}[11]" classname="ru.gb.OpenWeatherTest" time="0.163"/>
  <testcase name="getNationalWeatherAlerts{String, int, float, float, String}[12]" classname="ru.gb.OpenWeatherTest" time="0.185"/>
  <testcase name="getNationalWeatherAlerts{String, int, float, float, String}[13]" classname="ru.gb.OpenWeatherTest" time="0.201"/>
  <testcase name="getNationalWeatherAlerts{String, int, float, float, String}[14]" classname="ru.gb.OpenWeatherTest" time="0.3"/>
  <testcase name="getNationalWeatherAlerts{String, int, float, float, String}[15]" classname="ru.gb.OpenWeatherTest" time="0.146"/>
  <testcase name="getForecastWeatherByCityName{String, int, float, float}[1]" classname="ru.gb.OpenWeatherTest" time="0.47"/>
  <testcase name="getForecastWeatherByCityName{String, int, float, float}[2]" classname="ru.gb.OpenWeatherTest" time="0.204"/>
  <testcase name="getForecastWeatherByCityName{String, int, float, float}[3]" classname="ru.gb.OpenWeatherTest" time="0.275"/>
  <testcase name="getForecastWeatherByCityName{String, int, float, float}[4]" classname="ru.gb.OpenWeatherTest" time="0.252"/>
  <testcase name="getForecastWeatherByCityName{String, int, float, float}[5]" classname="ru.gb.OpenWeatherTest" time="0.255"/>
  <testcase name="getForecastWeatherByCityName{String, int, float, float}[6]" classname="ru.gb.OpenWeatherTest" time="0.217"/>
  <testcase name="getForecastWeatherByCityName{String, int, float, float}[7]" classname="ru.gb.OpenWeatherTest" time="0.25"/>
  <testcase name="getForecastWeatherByCityName{String, int, float, float}[8]" classname="ru.gb.OpenWeatherTest" time="0.233"/>
  <testcase name="getForecastWeatherByCityName{String, int, float, float}[9]" classname="ru.gb.OpenWeatherTest" time="0.243"/>
  <testcase name="getForecastWeatherByCityName{String, int, float, float}[10]" classname="ru.gb.OpenWeatherTest" time="0.225"/>
  <testcase name="getForecastWeatherByCityName{String, int, float, float}[11]" classname="ru.gb.OpenWeatherTest" time="0.337"/>
  <testcase name="getForecastWeatherByCityName{String, int, float, float}[12]" classname="ru.gb.OpenWeatherTest" time="0.348"/>
  <testcase name="getForecastWeatherByCityName{String, int, float, float}[13]" classname="ru.gb.OpenWeatherTest" time="0.262"/>
  <testcase name="getForecastWeatherByCityName{String, int, float, float}[14]" classname="ru.gb.OpenWeatherTest" time="0.224"/>
  <testcase name="getForecastWeatherByCityName{String, int, float, float}[15]" classname="ru.gb.OpenWeatherTest" time="0.236"/>
  <testcase name="getForecastWeatherByCityID{String, int, float, float}[1]" classname="ru.gb.OpenWeatherTest" time="0.279"/>
  <testcase name="getForecastWeatherByCityID{String, int, float, float}[2]" classname="ru.gb.OpenWeatherTest" time="0.285"/>
  <testcase name="getForecastWeatherByCityID{String, int, float, float}[3]" classname="ru.gb.OpenWeatherTest" time="0.242"/>
  <testcase name="getForecastWeatherByCityID{String, int, float, float}[4]" classname="ru.gb.OpenWeatherTest" time="0.347"/>
  <testcase name="getForecastWeatherByCityID{String, int, float, float}[5]" classname="ru.gb.OpenWeatherTest" time="0.236"/>
  <testcase name="getForecastWeatherByCityID{String, int, float, float}[6]" classname="ru.gb.OpenWeatherTest" time="0.332"/>
  <testcase name="getForecastWeatherByCityID{String, int, float, float}[7]" classname="ru.gb.OpenWeatherTest" time="0.279"/>
  <testcase name="getForecastWeatherByCityID{String, int, float, float}[8]" classname="ru.gb.OpenWeatherTest" time="0.23"/>
  <testcase name="getForecastWeatherByCityID{String, int, float, float}[9]" classname="ru.gb.OpenWeatherTest" time="0.249"/>
  <testcase name="getForecastWeatherByCityID{String, int, float, float}[10]" classname="ru.gb.OpenWeatherTest" time="0.206"/>
  <testcase name="getForecastWeatherByCityID{String, int, float, float}[11]" classname="ru.gb.OpenWeatherTest" time="0.262"/>
  <testcase name="getForecastWeatherByCityID{String, int, float, float}[12]" classname="ru.gb.OpenWeatherTest" time="0.298"/>
  <testcase name="getForecastWeatherByCityID{String, int, float, float}[13]" classname="ru.gb.OpenWeatherTest" time="0.25"/>
  <testcase name="getForecastWeatherByCityID{String, int, float, float}[14]" classname="ru.gb.OpenWeatherTest" time="0.286"/>
  <testcase name="getForecastWeatherByCityID{String, int, float, float}[15]" classname="ru.gb.OpenWeatherTest" time="0.245"/>
  <testcase name="getDailyForecastFor7Days{String, int, float, float, String}[1]" classname="ru.gb.OpenWeatherTest" time="0.264"/>
  <testcase name="getDailyForecastFor7Days{String, int, float, float, String}[2]" classname="ru.gb.OpenWeatherTest" time="0.224"/>
  <testcase name="getDailyForecastFor7Days{String, int, float, float, String}[3]" classname="ru.gb.OpenWeatherTest" time="0.179"/>
  <testcase name="getDailyForecastFor7Days{String, int, float, float, String}[4]" classname="ru.gb.OpenWeatherTest" time="0.204"/>
  <testcase name="getDailyForecastFor7Days{String, int, float, float, String}[5]" classname="ru.gb.OpenWeatherTest" time="0.411"/>
  <testcase name="getDailyForecastFor7Days{String, int, float, float, String}[6]" classname="ru.gb.OpenWeatherTest" time="0.247"/>
  <testcase name="getDailyForecastFor7Days{String, int, float, float, String}[7]" classname="ru.gb.OpenWeatherTest" time="0.205"/>
  <testcase name="getDailyForecastFor7Days{String, int, float, float, String}[8]" classname="ru.gb.OpenWeatherTest" time="0.236"/>
  <testcase name="getDailyForecastFor7Days{String, int, float, float, String}[9]" classname="ru.gb.OpenWeatherTest" time="0.218"/>
  <testcase name="getDailyForecastFor7Days{String, int, float, float, String}[10]" classname="ru.gb.OpenWeatherTest" time="0.201"/>
  <testcase name="getDailyForecastFor7Days{String, int, float, float, String}[11]" classname="ru.gb.OpenWeatherTest" time="0.242"/>
  <testcase name="getDailyForecastFor7Days{String, int, float, float, String}[12]" classname="ru.gb.OpenWeatherTest" time="0.193"/>
  <testcase name="getDailyForecastFor7Days{String, int, float, float, String}[13]" classname="ru.gb.OpenWeatherTest" time="0.197"/>
  <testcase name="getDailyForecastFor7Days{String, int, float, float, String}[14]" classname="ru.gb.OpenWeatherTest" time="0.277"/>
  <testcase name="getDailyForecastFor7Days{String, int, float, float, String}[15]" classname="ru.gb.OpenWeatherTest" time="0.197"/>
  <testcase name="getCurrentWeatherByCoordinates{String, int, float, float}[1]" classname="ru.gb.OpenWeatherTest" time="0.143"/>
  <testcase name="getCurrentWeatherByCoordinates{String, int, float, float}[2]" classname="ru.gb.OpenWeatherTest" time="0.139"/>
  <testcase name="getCurrentWeatherByCoordinates{String, int, float, float}[3]" classname="ru.gb.OpenWeatherTest" time="0.136"/>
  <testcase name="getCurrentWeatherByCoordinates{String, int, float, float}[4]" classname="ru.gb.OpenWeatherTest" time="0.162"/>
  <testcase name="getCurrentWeatherByCoordinates{String, int, float, float}[5]" classname="ru.gb.OpenWeatherTest" time="0.182"/>
  <testcase name="getCurrentWeatherByCoordinates{String, int, float, float}[6]" classname="ru.gb.OpenWeatherTest" time="0.188"/>
  <testcase name="getCurrentWeatherByCoordinates{String, int, float, float}[7]" classname="ru.gb.OpenWeatherTest" time="0.688"/>
  <testcase name="getCurrentWeatherByCoordinates{String, int, float, float}[8]" classname="ru.gb.OpenWeatherTest" time="1.389"/>
  <testcase name="getCurrentWeatherByCoordinates{String, int, float, float}[9]" classname="ru.gb.OpenWeatherTest" time="0.28"/>
  <testcase name="getCurrentWeatherByCoordinates{String, int, float, float}[10]" classname="ru.gb.OpenWeatherTest" time="0.157"/>
  <testcase name="getCurrentWeatherByCoordinates{String, int, float, float}[11]" classname="ru.gb.OpenWeatherTest" time="0.149"/>
  <testcase name="getCurrentWeatherByCoordinates{String, int, float, float}[12]" classname="ru.gb.OpenWeatherTest" time="0.178"/>
  <testcase name="getCurrentWeatherByCoordinates{String, int, float, float}[13]" classname="ru.gb.OpenWeatherTest" time="0.135"/>
  <testcase name="getCurrentWeatherByCoordinates{String, int, float, float}[14]" classname="ru.gb.OpenWeatherTest" time="0.498"/>
  <testcase name="getCurrentWeatherByCoordinates{String, int, float, float}[15]" classname="ru.gb.OpenWeatherTest" time="0.269"/>
  <testcase name="getCoordinatesByLocationName{String}[1]" classname="ru.gb.OpenWeatherTest" time="0.204"/>
  <testcase name="getCoordinatesByLocationName{String}[2]" classname="ru.gb.OpenWeatherTest" time="0.198"/>
  <testcase name="getCoordinatesByLocationName{String}[3]" classname="ru.gb.OpenWeatherTest" time="0.161"/>
  <testcase name="getCoordinatesByLocationName{String}[4]" classname="ru.gb.OpenWeatherTest" time="0.151"/>
  <testcase name="getCoordinatesByLocationName{String}[5]" classname="ru.gb.OpenWeatherTest" time="0.176"/>
  <testcase name="getCoordinatesByLocationName{String}[6]" classname="ru.gb.OpenWeatherTest" time="0.161"/>
  <testcase name="getCoordinatesByLocationName{String}[7]" classname="ru.gb.OpenWeatherTest" time="0.161"/>
  <testcase name="getCoordinatesByLocationName{String}[8]" classname="ru.gb.OpenWeatherTest" time="0.149"/>
  <testcase name="getCoordinatesByLocationName{String}[9]" classname="ru.gb.OpenWeatherTest" time="0.16"/>
  <testcase name="getCoordinatesByLocationName{String}[10]" classname="ru.gb.OpenWeatherTest" time="0.163"/>
  <testcase name="getCoordinatesByLocationName{String}[11]" classname="ru.gb.OpenWeatherTest" time="0.147"/>
  <testcase name="getCoordinatesByLocationName{String}[12]" classname="ru.gb.OpenWeatherTest" time="0.148"/>
  <testcase name="getCoordinatesByLocationName{String}[13]" classname="ru.gb.OpenWeatherTest" time="0.162"/>
  <testcase name="getCoordinatesByLocationName{String}[14]" classname="ru.gb.OpenWeatherTest" time="0.149"/>
  <testcase name="getCoordinatesByLocationName{String}[15]" classname="ru.gb.OpenWeatherTest" time="0.144"/>
  <testcase name="getCurrentWeatherByCityID{String, int, float, float}[1]" classname="ru.gb.OpenWeatherTest" time="0.172"/>
  <testcase name="getCurrentWeatherByCityID{String, int, float, float}[2]" classname="ru.gb.OpenWeatherTest" time="0.155"/>
  <testcase name="getCurrentWeatherByCityID{String, int, float, float}[3]" classname="ru.gb.OpenWeatherTest" time="0.151"/>
  <testcase name="getCurrentWeatherByCityID{String, int, float, float}[4]" classname="ru.gb.OpenWeatherTest" time="0.156"/>
  <testcase name="getCurrentWeatherByCityID{String, int, float, float}[5]" classname="ru.gb.OpenWeatherTest" time="0.137"/>
  <testcase name="getCurrentWeatherByCityID{String, int, float, float}[6]" classname="ru.gb.OpenWeatherTest" time="0.722"/>
  <testcase name="getCurrentWeatherByCityID{String, int, float, float}[7]" classname="ru.gb.OpenWeatherTest" time="0.426"/>
  <testcase name="getCurrentWeatherByCityID{String, int, float, float}[8]" classname="ru.gb.OpenWeatherTest" time="0.149"/>
  <testcase name="getCurrentWeatherByCityID{String, int, float, float}[9]" classname="ru.gb.OpenWeatherTest" time="0.168"/>
  <testcase name="getCurrentWeatherByCityID{String, int, float, float}[10]" classname="ru.gb.OpenWeatherTest" time="0.155"/>
  <testcase name="getCurrentWeatherByCityID{String, int, float, float}[11]" classname="ru.gb.OpenWeatherTest" time="0.184"/>
  <testcase name="getCurrentWeatherByCityID{String, int, float, float}[12]" classname="ru.gb.OpenWeatherTest" time="0.172"/>
  <testcase name="getCurrentWeatherByCityID{String, int, float, float}[13]" classname="ru.gb.OpenWeatherTest" time="0.148"/>
  <testcase name="getCurrentWeatherByCityID{String, int, float, float}[14]" classname="ru.gb.OpenWeatherTest" time="0.157"/>
  <testcase name="getCurrentWeatherByCityID{String, int, float, float}[15]" classname="ru.gb.OpenWeatherTest" time="0.199"/>
  <testcase name="getMinuteForecastFor1Hour{String, int, float, float, String}[1]" classname="ru.gb.OpenWeatherTest" time="0.173"/>
  <testcase name="getMinuteForecastFor1Hour{String, int, float, float, String}[2]" classname="ru.gb.OpenWeatherTest" time="0.174"/>
  <testcase name="getMinuteForecastFor1Hour{String, int, float, float, String}[3]" classname="ru.gb.OpenWeatherTest" time="0.184"/>
  <testcase name="getMinuteForecastFor1Hour{String, int, float, float, String}[4]" classname="ru.gb.OpenWeatherTest" time="0.191"/>
  <testcase name="getMinuteForecastFor1Hour{String, int, float, float, String}[5]" classname="ru.gb.OpenWeatherTest" time="0.183"/>
  <testcase name="getMinuteForecastFor1Hour{String, int, float, float, String}[6]" classname="ru.gb.OpenWeatherTest" time="0.176"/>
  <testcase name="getMinuteForecastFor1Hour{String, int, float, float, String}[7]" classname="ru.gb.OpenWeatherTest" time="0.177"/>
  <testcase name="getMinuteForecastFor1Hour{String, int, float, float, String}[8]" classname="ru.gb.OpenWeatherTest" time="0.201"/>
  <testcase name="getMinuteForecastFor1Hour{String, int, float, float, String}[9]" classname="ru.gb.OpenWeatherTest" time="0.206"/>
  <testcase name="getMinuteForecastFor1Hour{String, int, float, float, String}[10]" classname="ru.gb.OpenWeatherTest" time="0.187"/>
  <testcase name="getMinuteForecastFor1Hour{String, int, float, float, String}[11]" classname="ru.gb.OpenWeatherTest" time="0.17"/>
  <testcase name="getMinuteForecastFor1Hour{String, int, float, float, String}[12]" classname="ru.gb.OpenWeatherTest" time="0.184"/>
  <testcase name="getMinuteForecastFor1Hour{String, int, float, float, String}[13]" classname="ru.gb.OpenWeatherTest" time="0.173"/>
  <testcase name="getMinuteForecastFor1Hour{String, int, float, float, String}[14]" classname="ru.gb.OpenWeatherTest" time="0.174"/>
  <testcase name="getMinuteForecastFor1Hour{String, int, float, float, String}[15]" classname="ru.gb.OpenWeatherTest" time="0.208"/>
  <testcase name="getLocationNameByCoordinates{String, int, float, float}[1]" classname="ru.gb.OpenWeatherTest" time="0.175"/>
  <testcase name="getLocationNameByCoordinates{String, int, float, float}[2]" classname="ru.gb.OpenWeatherTest" time="0.156"/>
  <testcase name="getLocationNameByCoordinates{String, int, float, float}[3]" classname="ru.gb.OpenWeatherTest" time="0.188"/>
  <testcase name="getLocationNameByCoordinates{String, int, float, float}[4]" classname="ru.gb.OpenWeatherTest" time="0.159"/>
  <testcase name="getLocationNameByCoordinates{String, int, float, float}[5]" classname="ru.gb.OpenWeatherTest" time="0.248"/>
  <testcase name="getLocationNameByCoordinates{String, int, float, float}[6]" classname="ru.gb.OpenWeatherTest" time="0.151"/>
  <testcase name="getLocationNameByCoordinates{String, int, float, float}[7]" classname="ru.gb.OpenWeatherTest" time="0.153"/>
  <testcase name="getLocationNameByCoordinates{String, int, float, float}[8]" classname="ru.gb.OpenWeatherTest" time="0.191"/>
  <testcase name="getLocationNameByCoordinates{String, int, float, float}[9]" classname="ru.gb.OpenWeatherTest" time="0.165"/>
  <testcase name="getLocationNameByCoordinates{String, int, float, float}[10]" classname="ru.gb.OpenWeatherTest" time="0.178"/>
  <testcase name="getLocationNameByCoordinates{String, int, float, float}[11]" classname="ru.gb.OpenWeatherTest" time="0.173"/>
  <testcase name="getLocationNameByCoordinates{String, int, float, float}[12]" classname="ru.gb.OpenWeatherTest" time="0.172"/>
  <testcase name="getLocationNameByCoordinates{String, int, float, float}[13]" classname="ru.gb.OpenWeatherTest" time="0.145"/>
  <testcase name="getLocationNameByCoordinates{String, int, float, float}[14]" classname="ru.gb.OpenWeatherTest" time="0.154"/>
  <testcase name="getLocationNameByCoordinates{String, int, float, float}[15]" classname="ru.gb.OpenWeatherTest" time="3.181"/>
  <testcase name="getForecastWeatherByCoordinates{String, int, float, float}[1]" classname="ru.gb.OpenWeatherTest" time="0.304"/>
  <testcase name="getForecastWeatherByCoordinates{String, int, float, float}[2]" classname="ru.gb.OpenWeatherTest" time="0.197"/>
  <testcase name="getForecastWeatherByCoordinates{String, int, float, float}[3]" classname="ru.gb.OpenWeatherTest" time="0.262"/>
  <testcase name="getForecastWeatherByCoordinates{String, int, float, float}[4]" classname="ru.gb.OpenWeatherTest" time="0.248"/>
  <testcase name="getForecastWeatherByCoordinates{String, int, float, float}[5]" classname="ru.gb.OpenWeatherTest" time="0.244"/>
  <testcase name="getForecastWeatherByCoordinates{String, int, float, float}[6]" classname="ru.gb.OpenWeatherTest" time="0.327"/>
  <testcase name="getForecastWeatherByCoordinates{String, int, float, float}[7]" classname="ru.gb.OpenWeatherTest" time="0.367"/>
  <testcase name="getForecastWeatherByCoordinates{String, int, float, float}[8]" classname="ru.gb.OpenWeatherTest" time="0.33"/>
  <testcase name="getForecastWeatherByCoordinates{String, int, float, float}[9]" classname="ru.gb.OpenWeatherTest" time="0.208"/>
  <testcase name="getForecastWeatherByCoordinates{String, int, float, float}[10]" classname="ru.gb.OpenWeatherTest" time="0.235"/>
  <testcase name="getForecastWeatherByCoordinates{String, int, float, float}[11]" classname="ru.gb.OpenWeatherTest" time="0.232"/>
  <testcase name="getForecastWeatherByCoordinates{String, int, float, float}[12]" classname="ru.gb.OpenWeatherTest" time="0.203"/>
  <testcase name="getForecastWeatherByCoordinates{String, int, float, float}[13]" classname="ru.gb.OpenWeatherTest" time="0.272"/>
  <testcase name="getForecastWeatherByCoordinates{String, int, float, float}[14]" classname="ru.gb.OpenWeatherTest" time="0.213"/>
  <testcase name="getForecastWeatherByCoordinates{String, int, float, float}[15]" classname="ru.gb.OpenWeatherTest" time="0.27"/>
</testsuite>