<?xml version="1.0" encoding="UTF-8"?>
<testsuite xmlns:xsi="http://www.w3.org/2001/XMLSchema-instance" xsi:noNamespaceSchemaLocation="https://maven.apache.org/surefire/maven-surefire-plugin/xsd/surefire-test-report.xsd" name="ru.gb.OpenWeatherTest" time="45.03" tests="195" errors="0" skipped="0" failures="1">
  <properties>
[...]
</properties>
  <testcase name="getHourlyForecastFor48Hours{String, int, float, float, String}[1]" classname="ru.gb.OpenWeatherTest" time="0.353"/>
  <testcase name="getHourlyForecastFor48Hours{String, int, float, float, String}[2]" classname="ru.gb.OpenWeatherTest" time="0.249"/>
  <testcase name="getHourlyForecastFor48Hours{String, int, float, float, String}[3]" classname="ru.gb.OpenWeatherTest" time="0.299"/>
  <testcase name="getHourlyForecastFor48Hours{String, int, float, float, String}[4]" classname="ru.gb.OpenWeatherTest" time="0.237"/>
  <testcase name="getHourlyForecastFor48Hours{String, int, float, float, String}[5]" classname="ru.gb.OpenWeatherTest" time="0.282"/>
  <testcase name="getHourlyForecastFor48Hours{String, int, float, float, String}[6]" classname="ru.gb.OpenWeatherTest" time="0.225"/>
  <testcase name="getHourlyForecastFor48Hours{String, int, float, float, String}[7]" classname="ru.gb.OpenWeatherTest" time="0.277"/>
  <testcase name="getHourlyForecastFor48Hours{String, int, float, float, String}[8]" classname="ru.gb.OpenWeatherTest" time="0.222"/>
  <testcase name="getHourlyForecastFor48Hours{String, int, float, float, String}[9]" classname="ru.gb.OpenWeatherTest" time="0.2"/>
  <testcase name="getHourlyForecastFor48Hours{String, int, float, float, String}[10]" classname="ru.gb.OpenWeatherTest" time="0.256"/>
  <testcase name="getHourlyForecastFor48Hours{String, int, float, float, String}[11]" classname="ru.gb.OpenWeatherTest" time="0.321"/>
  <testcase name="getHourlyForecastFor48Hours{String, int, float, float, String}[12]" classname="ru.gb.OpenWeatherTest" time="0.181"/>
  <testcase name="getHourlyForecastFor48Hours{String, int, float, float, String}[13]" classname="ru.gb.OpenWeatherTest" time="0.203"/>
  <testcase name="getHourlyForecastFor48Hours{String, int, float, float, String}[14]" classname="ru.gb.OpenWeatherTest" time="0.242"/>
  <testcase name="getHourlyForecastFor48Hours{String, int, float, float, String}[15]" classname="ru.gb.OpenWeatherTest" time="0.238"/>
  <testcase name="getAirPollutionData{String, int, float, float}[1]" classname="ru.gb.OpenWeatherTest" time="0.246"/>
  <testcase name="getAirPollutionData{String, int, float, float}[2]" classname="ru.gb.OpenWeatherTest" time="0.188"/>
  <testcase name="getAirPollutionData{String, int, float, float}[3]" classname="ru.gb.OpenWeatherTest" time="0.241"/>
  <testcase name="getAirPollutionData{String, int, float, float}[4]" classname="ru.gb.OpenWeatherTest" time="0.231"/>
  <testcase name="getAirPollutionData{String, int, float, float}[5]" classname="ru.gb.OpenWeatherTest" time="0.206"/>
  <testcase name="getAirPollutionData{String, int, float, float}[6]" classname="ru.gb.OpenWeatherTest" time="0.201"/>
  <testcase name="getAirPollutionData{String, int, float, float}[7]" classname="ru.gb.OpenWeatherTest" time="0.252"/>
  <testcase name="getAirPollutionData{String, int, float, float}[8]" classname="ru.gb.OpenWeatherTest" time="0.397"/>
  <testcase name="getAirPollutionData{String, int, float, float}[9]" classname="ru.gb.OpenWeatherTest" time="0.193"/>
  <testcase name="getAirPollutionData{String, int, float, float}[10]" classname="ru.gb.OpenWeatherTest" time="0.171"/>
  <testcase name="getAirPollutionData{String, int, float, float}[11]" classname="ru.gb.OpenWeatherTest" time="0.228"/>
  <testcase name="getAirPollutionData{String, int, float, float}[12]" classname="ru.gb.OpenWeatherTest" time="0.188"/>
  <testcase name="getAirPollutionData{String, int, float, float}[13]" classname="ru.gb.OpenWeatherTest" time="0.153"/>
  <testcase name="getAirPollutionData{String, int, float, float}[14]" classname="ru.gb.OpenWeatherTest" time="0.218"/>
  <testcase name="getAirPollutionData{String, int, float, float}[15]" classname="ru.gb.OpenWeatherTest" time="0.288"/>
  <testcase name="getCurrentWeatherByCityName{String, int, float, float}[1]" classname="ru.gb.OpenWeatherTest" time="0.155"/>
  <testcase name="getCurrentWeatherByCityName{String, int, float, float}[2]" classname="ru.gb.OpenWeatherTest" time="0.152"/>
  <testcase name="getCurrentWeatherByCityName{String, int, float, float}[3]" classname="ru.gb.OpenWeatherTest" time="0.164"/>
  <testcase name="getCurrentWeatherByCityName{String, int, float, float}[4]" classname="ru.gb.OpenWeatherTest" time="0.152"/>
  <testcase name="getCurrentWeatherByCityName{String, int, float, float}[5]" classname="ru.gb.OpenWeatherTest" time="0.174"/>
  <testcase name="getCurrentWeatherByCityName{String, int, float, float}[6]" classname="ru.gb.OpenWeatherTest" time="0.157"/>
  <testcase name="getCurrentWeatherByCityName{String, int, float, float}[7]" classname="ru.gb.OpenWeatherTest" time="0.179"/>
  <testcase name="getCurrentWeatherByCityName{String, int, float, float}[8]" classname="ru.gb.OpenWeatherTest" time="0.265"/>
  <testcase name="getCurrentWeatherByCityName{String, int, float, float}[9]" classname="ru.gb.OpenWeatherTest" time="0.171"/>
  <testcase name="getCurrentWeatherByCityName{String, int, float, float}[10]" classname="ru.gb.OpenWeatherTest" time="0.153"/>
  <testcase name="getCurrentWeatherByCityName{String, int, float, float}[11]" classname="ru.gb.OpenWeatherTest" time="0.177"/>
  <testcase name="getCurrentWeatherByCityName{String, int, float, float}[12]" classname="ru.gb.OpenWeatherTest" time="0.165"/>
  <testcase name="getCurrentWeatherByCityName{String, int, float, float}[13]" classname="ru.gb.OpenWeatherTest" time="0.15"/>
  <testcase name="getCurrentWeatherByCityName{String, int, float, float}[14]" classname="ru.gb.OpenWeatherTest" time="0.195"/>
  <testcase name="getCurrentWeatherByCityName{String, int, float, float}[15]" classname="ru.gb.OpenWeatherTest" time="0.15"/>
  <testcase name="getNationalWeatherAlerts{String, int, float, float, String}[1]" classname="ru.gb.OpenWeatherTest" time="2.121"/>
  <testcase name="getNationalWeatherAlerts{String, int, float, float, String}[2]" classname="ru.gb.OpenWeatherTest" time="0.413"/>
  <testcase name="getNationalWeatherAlerts{String, int, float, float, String}[3]" classname="ru.gb.OpenWeatherTest" time="0.243"/>
  <testcase name="getNationalWeatherAlerts{String, int, float, float, String}[4]" classname="ru.gb.OpenWeatherTest" time="0.256"/>
  <testcase name="getNationalWeatherAlerts{String, int, float, float, String}[5]" classname="ru.gb.OpenWeatherTest" time="0.28"/>
  <testcase name="getNationalWeatherAlerts{String, int, float, float, String}[6]" classname="ru.gb.OpenWeatherTest" time="0.227"/>
  <testcase name="getNationalWeatherAlerts{String, int, float, float, String}[7]" classname="ru.gb.OpenWeatherTest" time="0.171"/>
  <testcase name="getNationalWeatherAlerts{String, int, float, float, String}[8]" classname="ru.gb.OpenWeatherTest" time="0.167"/>
  <testcase name="getNationalWeatherAlerts{String, int, float, float, String}[9]" classname="ru.gb.OpenWeatherTest" time="0.168"/>
  <testcase name="getNationalWeatherAlerts{String, int, float, float, String}[10]" classname="ru.gb.OpenWeatherTest" time="0.212"/>
  <testcase name="getNationalWeatherAlerts{String, int, float, float, String}[11]" classname="ru.gb.OpenWeatherTest" time="0.173"/>
  <testcase name="getNationalWeatherAlerts{String, int, float, float, String}[12]" classname="ru.gb.OpenWeatherTest" time="0.173"/>
  <testcase name="getNationalWeatherAlerts{String, int, float, float, String}[13]" classname="ru.gb.OpenWeatherTest" time="0.204"/>
  <testcase name="getNationalWeatherAlerts{String, int, float, float, String}[14]" classname="ru.gb.OpenWeatherTest" time="0.179"/>
  <testcase name="getNationalWeatherAlerts{String, int, float, float, String}[15]" classname="ru.gb.OpenWeatherTest" time="0.163"/>
  <testcase name="getForecastWeatherByCityName{String, int, float, float}[1]" classname="ru.gb.OpenWeatherTest" time="0.344"/>
  <testcase name="getForecastWeatherByCityName{String, int, float, float}[2]" classname="ru.gb.OpenWeatherTest" time="0.359"/>
  <testcase name="getForecastWeatherByCityName{String, int, float, float}[3]" classname="ru.gb.OpenWeatherTest" time="0.229"/>
  <testcase name="getForecastWeatherByCityName{String, int, float, float}[4]" classname="ru.gb.OpenWeatherTest" time="0.261"/>
  <testcase name="getForecastWeatherByCityName{String, int, float, float}[5]" classname="ru.gb.OpenWeatherTest" time="0.301"/>
  <testcase name="getForecastWeatherByCityName{String, int, float, float}[6]" classname="ru.gb.OpenWeatherTest" time="0.252"/>
  <testcase name="getForecastWeatherByCityName{String, int, float, float}[7]" classname="ru.gb.OpenWeatherTest" time="0.266"/>
  <testcase name="getForecastWeatherByCityName{String, int, float, float}[8]" classname="ru.gb.OpenWeatherTest" time="0.355"/>
  <testcase name="getForecastWeatherByCityName{String, int, float, float}[9]" classname="ru.gb.OpenWeatherTest" time="0.22"/>
  <testcase name="getForecastWeatherByCityName{String, int, float, float}[10]" classname="ru.gb.OpenWeatherTest" time="0.258"/>
  <testcase name="getForecastWeatherByCityName{String, int, float, float}[11]" classname="ru.gb.OpenWeatherTest" time="0.269"/>
  <testcase name="getForecastWeatherByCityName{String, int, float, float}[12]" classname="ru.gb.OpenWeatherTest" time="0.236"/>
  <testcase name="getForecastWeatherByCityName{String, int, float, float}[13]" classname="ru.gb.OpenWeatherTest" time="0.253"/>
  <testcase name="getForecastWeatherByCityName{String, int, float, float}[14]" classname="ru.gb.OpenWeatherTest" time="0.26"/>
  <testcase name="getForecastWeatherByCityName{String, int, float, float}[15]" classname="ru.gb.OpenWeatherTest" time="0.277"/>
  <testcase name="getForecastWeatherByCityID{String, int, float, float}[1]" classname="ru.gb.OpenWeatherTest" time="0.274"/>
  <testcase name="getForecastWeatherByCityID{String, int, float, float}[2]" classname="ru.gb.OpenWeatherTest" time="0.23"/>
  <testcase name="getForecastWeatherByCityID{String, int, float, float}[3]" classname="ru.gb.OpenWeatherTest" time="0.254"/>
  <testcase name="getForecastWeatherByCityID{String, int, float, float}[4]" classname="ru.gb.OpenWeatherTest" time="0.305"/>
  <testcase name="getForecastWeatherByCityID{String, int, float, float}[5]" classname="ru.gb.OpenWeatherTest" time="0.234"/>
  <testcase name="getForecastWeatherByCityID{String, int, float, float}[6]" classname="ru.gb.OpenWeatherTest" time="0.233"/>
  <testcase name="getForecastWeatherByCityID{String, int, float, float}[7]" classname="ru.gb.OpenWeatherTest" time="0.224"/>
  <testcase name="getForecastWeatherByCityID{String, int, float, float}[8]" classname="ru.gb.OpenWeatherTest" time="0.264"/>
  <testcase name="getForecastWeatherByCityID{String, int, float, float}[9]" classname="ru.gb.OpenWeatherTest" time="0.255"/>
  <testcase name="getForecastWeatherByCityID{String, int, float, float}[10]" classname="ru.gb.OpenWeatherTest" time="0.617"/>
  <testcase name="getForecastWeatherByCityID{String, int, float, float}[11]" classname="ru.gb.OpenWeatherTest" time="0.26"/>
  <testcase name="getForecastWeatherByCityID{String, int, float, float}[12]" classname="ru.gb.OpenWeatherTest" time="0.271"/>
  <testcase name="getForecastWeatherByCityID{String, int, float, float}[13]" classname="ru.gb.OpenWeatherTest" time="0.237"/>
  <testcase name="getForecastWeatherByCityID{String, int, float, float}[14]" classname="ru.gb.OpenWeatherTest" time="0.236"/>
  <testcase name="getForecastWeatherByCityID{String, int, float, float}[15]" classname="ru.gb.OpenWeatherTest" time="0.29"/>
  <testcase name="getDailyForecastFor7Days{String, int, float, float, String}[1]" classname="ru.gb.OpenWeatherTest" time="0.304"/>
  <testcase name="getDailyForecastFor7Days{String, int, float, float, String}[2]" classname="ru.gb.OpenWeatherTest" time="0.258"/>
  <testcase name="getDailyForecastFor7Days{String, int, float, float, String}[3]" classname="ru.gb.OpenWeatherTest" time="0.256"/>
  <testcase name="getDailyForecastFor7Days{String, int, float, float, String}[4]" classname="ru.gb.OpenWeatherTest" time="0.231"/>
  <testcase name="getDailyForecastFor7Days{String, int, float, float, String}[5]" classname="ru.gb.OpenWeatherTest" time="0.199"/>
  <testcase name="getDailyForecastFor7Days{String, int, float, float, String}[6]" classname="ru.gb.OpenWeatherTest" time="0.243"/>
  <testcase name="getDailyForecastFor7Days{String, int, float, float, String}[7]" classname="ru.gb.OpenWeatherTest" time="0.228"/>
  <testcase name="getDailyForecastFor7Days{String, int, float, float, String}[8]" classname="ru.gb.OpenWeatherTest" time="0.214"/>
  <testcase name="getDailyForecastFor7Days{String, int, float, float, String}[9]" classname="ru.gb.OpenWeatherTest" time="0.242"/>
  <testcase name="getDailyForecastFor7Days{String, int, float, float, String}[10]" classname="ru.gb.OpenWeatherTest" time="0.451"/>
  <testcase name="getDailyForecastFor7Days{String, int, float, float, String}[11]" classname="ru.gb.OpenWeatherTest" time="0.201"/>
  <testcase name="getDailyForecastFor7Days{String, int, float, float, String}[12]" classname="ru.gb.OpenWeatherTest" time="0.254"/>
  <testcase name="getDailyForecastFor7Days{String, int, float, float, String}[13]" classname="ru.gb.OpenWeatherTest" time="0.176"/>
  <testcase name="getDailyForecastFor7Days{String, int, float, float, String}[14]" classname="ru.gb.OpenWeatherTest" time="0.195"/>
  <testcase name="getDailyForecastFor7Days{String, int, float, float, String}[15]" classname="ru.gb.OpenWeatherTest" time="0.211"/>
  <testcase name="getCurrentWeatherByCoordinates{String, int, float, float}[1]" classname="ru.gb.OpenWeatherTest" time="0.167"/>
  <testcase name="getCurrentWeatherByCoordinates{String, int, float, float}[2]" classname="ru.gb.OpenWeatherTest" time="0.144"/>
  <testcase name="getCurrentWeatherByCoordinates{String, int, float, float}[3]" classname="ru.gb.OpenWeatherTest" time="0.145"/>
  <testcase name="getCurrentWeatherByCoordinates{String, int, float, float}[4]" classname="ru.gb.OpenWeatherTest" time="0.174"/>
  <testcase name="getCurrentWeatherByCoordinates{String, int, float, float}[5]" classname="ru.gb.OpenWeatherTest" time="0.149"/>
  <testcase name="getCurrentWeatherByCoordinates{String, int, float, float}[6]" classname="ru.gb.OpenWeatherTest" time="0.182"/>
  <testcase name="getCurrentWeatherByCoordinates{String, int, float, float}[7]" classname="ru.gb.OpenWeatherTest" time="0.148"/>
  <testcase name="getCurrentWeatherByCoordinates{String, int, float, float}[8]" classname="ru.gb.OpenWeatherTest" time="0.227"/>
  <testcase name="getCurrentWeatherByCoordinates{String, int, float, float}[9]" classname="ru.gb.OpenWeatherTest" time="0.184"/>
  <testcase name="getCurrentWeatherByCoordinates{String, int, float, float}[10]" classname="ru.gb.OpenWeatherTest" time="0.143"/>
  <testcase name="getCurrentWeatherByCoordinates{String, int, float, float}[11]" classname="ru.gb.OpenWeatherTest" time="0.187"/>
  <testcase name="getCurrentWeatherByCoordinates{String, int, float, float}[12]" classname="ru.gb.OpenWeatherTest" time="0.255"/>
  <testcase name="getCurrentWeatherByCoordinates{String, int, float, float}[13]" classname="ru.gb.OpenWeatherTest" time="0.148"/>
  <testcase name="getCurrentWeatherByCoordinates{String, int, float, float}[14]" classname="ru.gb.OpenWeatherTest" time="0.161"/>
  <testcase name="getCurrentWeatherByCoordinates{String, int, float, float}[15]" classname="ru.gb.OpenWeatherTest" time="0.184"/>
  <testcase name="getCoordinatesByLocationName{String}[1]" classname="ru.gb.OpenWeatherTest" time="0.226"/>
  <testcase name="getCoordinatesByLocationName{String}[2]" classname="ru.gb.OpenWeatherTest" time="0.189"/>
  <testcase name="getCoordinatesByLocationName{String}[3]" classname="ru.gb.OpenWeatherTest" time="0.171"/>
  <testcase name="getCoordinatesByLocationName{String}[4]" classname="ru.gb.OpenWeatherTest" time="0.202"/>
  <testcase name="getCoordinatesByLocationName{String}[5]" classname="ru.gb.OpenWeatherTest" time="0.18"/>
  <testcase name="getCoordinatesByLocationName{String}[6]" classname="ru.gb.OpenWeatherTest" time="0.178"/>
  <testcase name="getCoordinatesByLocationName{String}[7]" classname="ru.gb.OpenWeatherTest" time="0.164"/>
  <testcase name="getCoordinatesByLocationName{String}[8]" classname="ru.gb.OpenWeatherTest" time="0.186"/>
  <testcase name="getCoordinatesByLocationName{String}[9]" classname="ru.gb.OpenWeatherTest" time="0.38"/>
  <testcase name="getCoordinatesByLocationName{String}[10]" classname="ru.gb.OpenWeatherTest" time="0.16"/>
  <testcase name="getCoordinatesByLocationName{String}[11]" classname="ru.gb.OpenWeatherTest" time="0.236"/>
  <testcase name="getCoordinatesByLocationName{String}[12]" classname="ru.gb.OpenWeatherTest" time="0.158"/>
  <testcase name="getCoordinatesByLocationName{String}[13]" classname="ru.gb.OpenWeatherTest" time="0.176"/>
  <testcase name="getCoordinatesByLocationName{String}[14]" classname="ru.gb.OpenWeatherTest" time="0.163"/>
  <testcase name="getCoordinatesByLocationName{String}[15]" classname="ru.gb.OpenWeatherTest" time="0.217"/>
  <testcase name="getCurrentWeatherByCityID{String, int, float, float}[1]" classname="ru.gb.OpenWeatherTest" time="0.174"/>
  <testcase name="getCurrentWeatherByCityID{String, int, float, float}[2]" classname="ru.gb.OpenWeatherTest" time="0.144"/>
  <testcase name="getCurrentWeatherByCityID{String, int, float, float}[3]" classname="ru.gb.OpenWeatherTest" time="0.228"/>
  <testcase name="getCurrentWeatherByCityID{String, int, float, float}[4]" classname="ru.gb.OpenWeatherTest" time="0.169"/>
  <testcase name="getCurrentWeatherByCityID{String, int, float, float}[5]" classname="ru.gb.OpenWeatherTest" time="0.154"/>
  <testcase name="getCurrentWeatherByCityID{String, int, float, float}[6]" classname="ru.gb.OpenWeatherTest" time="0.165"/>
  <testcase name="getCurrentWeatherByCityID{String, int, float, float}[7]" classname="ru.gb.OpenWeatherTest" time="0.155"/>
  <testcase name="getCurrentWeatherByCityID{String, int, float, float}[8]" classname="ru.gb.OpenWeatherTest" time="0.183"/>
  <testcase name="getCurrentWeatherByCityID{String, int, float, float}[9]" classname="ru.gb.OpenWeatherTest" time="0.163"/>
  <testcase name="getCurrentWeatherByCityID{String, int, float, float}[10]" classname="ru.gb.OpenWeatherTest" time="0.15"/>
  <testcase name="getCurrentWeatherByCityID{String, int, float, float}[11]" classname="ru.gb.OpenWeatherTest" time="0.156"/>
  <testcase name="getCurrentWeatherByCityID{String, int, float, float}[12]" classname="ru.gb.OpenWeatherTest" time="0.156"/>
  <testcase name="getCurrentWeatherByCityID{String, int, float, float}[13]" classname="ru.gb.OpenWeatherTest" time="0.161"/>
  <testcase name="getCurrentWeatherByCityID{String, int, float, float}[14]" classname="ru.gb.OpenWeatherTest" time="0.151"/>
  <testcase name="getCurrentWeatherByCityID{String, int, float, float}[15]" classname="ru.gb.OpenWeatherTest" time="0.167"/>
  <testcase name="getMinuteForecastFor1Hour{String, int, float, float, String}[1]" classname="ru.gb.OpenWeatherTest" time="0.177"/>
  <testcase name="getMinuteForecastFor1Hour{String, int, float, float, String}[2]" classname="ru.gb.OpenWeatherTest" time="0.206"/>
  <testcase name="getMinuteForecastFor1Hour{String, int, float, float, String}[3]" classname="ru.gb.OpenWeatherTest" time="0.184"/>
  <testcase name="getMinuteForecastFor1Hour{String, int, float, float, String}[4]" classname="ru.gb.OpenWeatherTest" time="0.32"/>
  <testcase name="getMinuteForecastFor1Hour{String, int, float, float, String}[5]" classname="ru.gb.OpenWeatherTest" time="0.49"/>
  <testcase name="getMinuteForecastFor1Hour{String, int, float, float, String}[6]" classname="ru.gb.OpenWeatherTest" time="0.2"/>
  <testcase name="getMinuteForecastFor1Hour{String, int, float, float, String}[7]" classname="ru.gb.OpenWeatherTest" time="0.169"/>
  <testcase name="getMinuteForecastFor1Hour{String, int, float, float, String}[8]" classname="ru.gb.OpenWeatherTest" time="0.195"/>
  <testcase name="getMinuteForecastFor1Hour{String, int, float, float, String}[9]" classname="ru.gb.OpenWeatherTest" time="0.175"/>
  <testcase name="getMinuteForecastFor1Hour{String, int, float, float, String}[10]" classname="ru.gb.OpenWeatherTest" time="0.282"/>
  <testcase name="getMinuteForecastFor1Hour{String, int, float, float, String}[11]" classname="ru.gb.OpenWeatherTest" time="0.171"/>
  <testcase name="getMinuteForecastFor1Hour{String, int, float, float, String}[12]" classname="ru.gb.OpenWeatherTest" time="0.204"/>
  <testcase name="getMinuteForecastFor1Hour{String, int, float, float, String}[13]" classname="ru.gb.OpenWeatherTest" time="0.26"/>
  <testcase name="getMinuteForecastFor1Hour{String, int, float, float, String}[14]" classname="ru.gb.OpenWeatherTest" time="0.178"/>
  <testcase name="getMinuteForecastFor1Hour{String, int, float, float, String}[15]" classname="ru.gb.OpenWeatherTest" time="0.186"/>
  <testcase name="getLocationNameByCoordinates{String, int, float, float}[1]" classname="ru.gb.OpenWeatherTest" time="0.195"/>
  <testcase name="getLocationNameByCoordinates{String, int, float, float}[2]" classname="ru.gb.OpenWeatherTest" time="0.257"/>
  <testcase name="getLocationNameByCoordinates{String, int, float, float}[3]" classname="ru.gb.OpenWeatherTest" time="0.169"/>
  <testcase name="getLocationNameByCoordinates{String, int, float, float}[4]" classname="ru.gb.OpenWeatherTest" time="0.286"/>
  <testcase name="getLocationNameByCoordinates{String, int, float, float}[5]" classname="ru.gb.OpenWeatherTest" time="0.443"/>
  <testcase name="getLocationNameByCoordinates{String, int, float, float}[6]" classname="ru.gb.OpenWeatherTest" time="0.007"/>
  <testcase name="getLocationNameByCoordinates{String, int, float, float}[7]" classname="ru.gb.OpenWeatherTest" time="0.202"/>
  <testcase name="getLocationNameByCoordinates{String, int, float, float}[8]" classname="ru.gb.OpenWeatherTest" time="0.158"/>
  <testcase name="getLocationNameByCoordinates{String, int, float, float}[9]" classname="ru.gb.OpenWeatherTest" time="0.154"/>
  <testcase name="getLocationNameByCoordinates{String, int, float, float}[10]" classname="ru.gb.OpenWeatherTest" time="0.141"/>
  <testcase name="getLocationNameByCoordinates{String, int, float, float}[11]" classname="ru.gb.OpenWeatherTest" time="0.168"/>
  <testcase name="getLocationNameByCoordinates{String, int, float, float}[12]" classname="ru.gb.OpenWeatherTest" time="0.169"/>
  <testcase name="getLocationNameByCoordinates{String, int, float, float}[13]" classname="ru.gb.OpenWeatherTest" time="0.167"/>
  <testcase name="getLocationNameByCoordinates{String, int, float, float}[14]" classname="ru.gb.OpenWeatherTest" time="0.143"/>
  <testcase name="getLocationNameByCoordinates{String, int, float, float}[15]" classname="ru.gb.OpenWeatherTest" time="0.159"/>
  <testcase name="getForecastWeatherByCoordinates{String, int, float, float}[1]" classname="ru.gb.OpenWeatherTest" time="0.303"/>
  <testcase name="getForecastWeatherByCoordinates{String, int, float, float}[2]" classname="ru.gb.OpenWeatherTest" time="0.244">
    <failure message="1 expectation failed.&#10;JSON path city.id doesn&apos;t match.&#10;Expected: is &lt;2950159&gt;&#10;  Actual: &lt;6545310&gt;&#10;" type="java.lang.AssertionError"><![CDATA[java.lang.AssertionError: 
1 expectation failed.
JSON path city.id doesn't match.
Expected: is <2950159>
  Actual: <6545310>

	at ru.gb.OpenWeatherTest.getForecastWeatherByCoordinates(OpenWeatherTest.java:151)
]]></failure>
    <system-out><![CDATA[Request method:	GET
Request URI:	http://api.openweathermap.org/data/2.5/forecast?lat=52.5244&lon=13.4105&units=metric&appid=aa7c397143390075a03f8141b0cd5193
Proxy:			<none>
Request params:	<none>
Query params:	<none>
Form params:	<none>
Path params:	<none>
Headers:		Accept=*/*
Cookies:		<none>
Multiparts:		<none>
Body:			<none>

HTTP/1.1 200 OK
Server: openresty
Date: Sun, 26 Dec 2021 19:21:19 GMT
Content-Type: application/json; charset=utf-8
Content-Length: 16067
Connection: keep-alive
X-Cache-Key: /data/2.5/forecast?lat=52.52&lon=13.41&units=metric
Access-Control-Allow-Origin: *
Access-Control-Allow-Credentials: true
Access-Control-Allow-Methods: GET, POST

{
    "cod": "200",
    "message": 0,
    "cnt": 40,
    "list": [
        {
            "dt": 1640552400,
            "main": {
                "temp": -5.84,
                "feels_like": -11.78,
                "temp_min": -5.84,
                "temp_max": -5.79,
                "pressure": 1008,
                "sea_level": 1008,
                "grnd_level": 1008,
                "humidity": 73,
                "temp_kf": -0.05
            },
            "weather": [
                {
                    "id": 800,
                    "main": "Clear",
                    "description": "clear sky",
                    "icon": "01n"
                }
            ],
            "clouds": {
                "all": 0
            },
            "wind": {
                "speed": 4.4,
                "deg": 103,
                "gust": 11
            },
            "visibility": 10000,
            "pop": 0,
            "sys": {
                "pod": "n"
            },
            "dt_txt": "2021-12-26 21:00:00"
        },
        {
            "dt": 1640563200,
            "main": {
                "temp": -5.89,
                "feels_like": -11.82,
                "temp_min": -5.91,
                "temp_max": -5.89,
                "pressure": 1010,
                "sea_level": 1010,
                "grnd_level": 1007,
                "humidity": 72,
                "temp_kf": 0.02
            },
            "weather": [
                {
                    "id": 800,
                    "main": "Clear",
                    "description": "clear sky",
                    "icon": "01n"
                }
            ],
            "clouds": {
                "all": 1
            },
            "wind": {
                "speed": 4.37,
                "deg": 108,
                "gust": 11.39
            },
            "visibility": 10000,
            "pop": 0,
            "sys": {
                "pod": "n"
            },
            "dt_txt": "2021-12-27 00:00:00"
        },
        {
            "dt": 1640574000,
            "main": {
                "temp": -5.78,
                "feels_like": -11.81,
                "temp_min": -5.78,
                "temp_max": -5.78,
                "pressure": 1011,
                "sea_level": 1011,
                "grnd_level": 1006,
                "humidity": 70,
                "temp_kf": 0
            },
            "weather": [
                {
                    "id": 800,
                    "main": "Clear",
                    "description": "clear sky",
                    "icon": "01n"
                }
            ],
            "clouds": {
                "all": 1
            },
            "wind": {
                "speed": 4.54,
                "deg": 107,
                "gust": 11.66
            },
            "visibility": 10000,
            "pop": 0,
            "sys": {
                "pod": "n"
            },
            "dt_txt": "2021-12-27 03:00:00"
        },
        {
            "dt": 1640584800,
            "main": {
                "temp": -5.13,
                "feels_like": -10.98,
                "temp_min": -5.13,
                "temp_max": -5.13,
                "pressure": 1010,
                "sea_level": 1010,
                "grnd_level": 1005,
                "humidity": 66,
                "temp_kf": 0
            },
            "weather": [
                {
                    "id": 802,
                    "main": "Clouds",
                    "description": "scattered clouds",
                    "icon": "03n"
                }
            ],
            "clouds": {
                "all": 30
            },
            "wind": {
                "speed": 4.5,
                "deg": 108,
                "gust": 11.51
            },
            "visibility": 10000,
            "pop": 0,
            "sys": {
                "pod": "n"
            },
            "dt_txt": "2021-12-27 06:00:00"
        },
        {
            "dt": 1640595600,
            "main": {
                "temp": -4.32,
                "feels_like": -10.04,
                "temp_min": -4.32,
                "temp_max": -4.32,
                "pressure": 1010,
                "sea_level": 1010,
                "grnd_level": 1004,
                "humidity": 66,
                "temp_kf": 0
            },
            "weather": [
                {
                    "id": 803,
                    "main": "Clouds",
                    "description": "broken clouds",
                    "icon": "04d"
                }
            ],
            "clouds": {
                "all": 78
            },
            "wind": {
                "speed": 4.59,
                "deg": 109,
                "gust": 11.48
            },
            "visibility": 10000,
            "pop": 0,
            "sys": {
                "pod": "d"
            },
            "dt_txt": "2021-12-27 09:00:00"
        },
        {
            "dt": 1640606400,
            "main": {
                "temp": -1.79,
                "feels_like": -6.95,
                "temp_min": -1.79,
                "temp_max": -1.79,
                "pressure": 1009,
                "sea_level": 1009,
                "grnd_level": 1003,
                "humidity": 66,
                "temp_kf": 0
            },
            "weather": [
                {
                    "id": 803,
                    "main": "Clouds",
                    "description": "broken clouds",
                    "icon": "04d"
                }
            ],
            "clouds": {
                "all": 62
            },
            "wind": {
                "speed": 4.67,
                "deg": 113,
                "gust": 10.59
            },
            "visibility": 10000,
            "pop": 0,
            "sys": {
                "pod": "d"
            },
            "dt_txt": "2021-12-27 12:00:00"
        },
        {
            "dt": 1640617200,
            "main": {
                "temp": -1.89,
                "feels_like": -6.99,
                "temp_min": -1.89,
                "temp_max": -1.89,
                "pressure": 1008,
                "sea_level": 1008,
                "grnd_level": 1002,
                "humidity": 72,
                "temp_kf": 0
            },
            "weather": [
                {
                    "id": 803,
                    "main": "Clouds",
                    "description": "broken clouds",
                    "icon": "04n"
                }
            ],
            "clouds": {
                "all": 79
            },
            "wind": {
                "speed": 4.55,
                "deg": 111,
                "gust": 11.14
            },
            "visibility": 10000,
            "pop": 0,
            "sys": {
                "pod": "n"
            },
            "dt_txt": "2021-12-27 15:00:00"
        },
        {
            "dt": 1640628000,
            "main": {
                "temp": -1.58,
                "feels_like": -6.54,
                "temp_min": -1.58,
                "temp_max": -1.58,
                "pressure": 1008,
                "sea_level": 1008,
                "grnd_level": 1002,
                "humidity": 78,
                "temp_kf": 0
            },
            "weather": [
                {
                    "id": 804,
                    "main": "Clouds",
                    "description": "overcast clouds",
                    "icon": "04n"
                }
            ],
            "clouds": {
                "all": 89
            },
            "wind": {
                "speed": 4.45,
                "deg": 114,
                "gust": 10.37
            },
            "visibility": 10000,
            "pop": 0,
            "sys": {
                "pod": "n"
            },
            "dt_txt": "2021-12-27 18:00:00"
        },
        {
            "dt": 1640638800,
            "main": {
                "temp": -1,
                "feels_like": -5.69,
                "temp_min": -1,
                "temp_max": -1,
                "pressure": 1007,
                "sea_level": 1007,
                "grnd_level": 1002,
                "humidity": 82,
                "temp_kf": 0
            },
            "weather": [
                {
                    "id": 804,
                    "main": "Clouds",
                    "description": "overcast clouds",
                    "icon": "04n"
                }
            ],
            "clouds": {
                "all": 100
            },
            "wind": {
                "speed": 4.26,
                "deg": 115,
                "gust": 9.62
            },
            "visibility": 10000,
            "pop": 0,
            "sys": {
                "pod": "n"
            },
            "dt_txt": "2021-12-27 21:00:00"
        },
        {
            "dt": 1640649600,
            "main": {
                "temp": -0.56,
                "feels_like": -4.9,
                "temp_min": -0.56,
                "temp_max": -0.56,
                "pressure": 1006,
                "sea_level": 1006,
                "grnd_level": 1001,
                "humidity": 85,
                "temp_kf": 0
            },
            "weather": [
                {
                    "id": 804,
                    "main": "Clouds",
                    "description": "overcast clouds",
                    "icon": "04n"
                }
            ],
            "clouds": {
                "all": 100
            },
            "wind": {
                "speed": 3.9,
                "deg": 117,
                "gust": 9.76
            },
            "visibility": 10000,
            "pop": 0,
            "sys": {
                "pod": "n"
            },
            "dt_txt": "2021-12-28 00:00:00"
        },
        {
            "dt": 1640660400,
            "main": {
                "temp": 0.06,
                "feels_like": -4.14,
                "temp_min": 0.06,
                "temp_max": 0.06,
                "pressure": 1005,
                "sea_level": 1005,
                "grnd_level": 1000,
                "humidity": 87,
                "temp_kf": 0
            },
            "weather": [
                {
                    "id": 804,
                    "main": "Clouds",
                    "description": "overcast clouds",
                    "icon": "04n"
                }
            ],
            "clouds": {
                "all": 100
            },
            "wind": {
                "speed": 3.9,
                "deg": 128,
                "gust": 9.43
            },
            "visibility": 10000,
            "pop": 0,
            "sys": {
                "pod": "n"
            },
            "dt_txt": "2021-12-28 03:00:00"
        },
        {
            "dt": 1640671200,
            "main": {
                "temp": 0.39,
                "feels_like": -3.94,
                "temp_min": 0.39,
                "temp_max": 0.39,
                "pressure": 1004,
                "sea_level": 1004,
                "grnd_level": 998,
                "humidity": 87,
                "temp_kf": 0
            },
            "weather": [
                {
                    "id": 804,
                    "main": "Clouds",
                    "description": "overcast clouds",
                    "icon": "04n"
                }
            ],
            "clouds": {
                "all": 100
            },
            "wind": {
                "speed": 4.2,
                "deg": 126,
                "gust": 9.93
            },
            "visibility": 10000,
            "pop": 0,
            "sys": {
                "pod": "n"
            },
            "dt_txt": "2021-12-28 06:00:00"
        },
        {
            "dt": 1640682000,
            "main": {
                "temp": 0.56,
                "feels_like": -3.83,
                "temp_min": 0.56,
                "temp_max": 0.56,
                "pressure": 1002,
                "sea_level": 1002,
                "grnd_level": 997,
                "humidity": 86,
                "temp_kf": 0
            },
            "weather": [
                {
                    "id": 804,
                    "main": "Clouds",
                    "description": "overcast clouds",
                    "icon": "04d"
                }
            ],
            "clouds": {
                "all": 100
            },
            "wind": {
                "speed": 4.35,
                "deg": 135,
                "gust": 9.94
            },
            "visibility": 10000,
            "pop": 0,
            "sys": {
                "pod": "d"
            },
            "dt_txt": "2021-12-28 09:00:00"
        },
        {
            "dt": 1640692800,
            "main": {
                "temp": 2.26,
                "feels_like": -1.49,
                "temp_min": 2.26,
                "temp_max": 2.26,
                "pressure": 1001,
                "sea_level": 1001,
                "grnd_level": 995,
                "humidity": 89,
                "temp_kf": 0
            },
            "weather": [
                {
                    "id": 804,
                    "main": "Clouds",
                    "description": "overcast clouds",
                    "icon": "04d"
                }
            ],
            "clouds": {
                "all": 96
            },
            "wind": {
                "speed": 3.98,
                "deg": 139,
                "gust": 8.86
            },
            "visibility": 10000,
            "pop": 0,
            "sys": {
                "pod": "d"
            },
            "dt_txt": "2021-12-28 12:00:00"
        },
        {
            "dt": 1640703600,
            "main": {
                "temp": 2.3,
                "feels_like": -1.3,
                "temp_min": 2.3,
                "temp_max": 2.3,
                "pressure": 999,
                "sea_level": 999,
                "grnd_level": 994,
                "humidity": 93,
                "temp_kf": 0
            },
            "weather": [
                {
                    "id": 804,
                    "main": "Clouds",
                    "description": "overcast clouds",
                    "icon": "04n"
                }
            ],
            "clouds": {
                "all": 88
            },
            "wind": {
                "speed": 3.76,
                "deg": 144,
                "gust": 10.04
            },
            "visibility": 10000,
            "pop": 0,
            "sys": {
                "pod": "n"
            },
            "dt_txt": "2021-12-28 15:00:00"
        },
        {
            "dt": 1640714400,
            "main": {
                "temp": 2.88,
                "feels_like": -1.03,
                "temp_min": 2.88,
                "temp_max": 2.88,
                "pressure": 998,
                "sea_level": 998,
                "grnd_level": 993,
                "humidity": 95,
                "temp_kf": 0
            },
            "weather": [
                {
                    "id": 500,
                    "main": "Rain",
                    "description": "light rain",
                    "icon": "10n"
                }
            ],
            "clouds": {
                "all": 94
            },
            "wind": {
                "speed": 4.48,
                "deg": 157,
                "gust": 11.66
            },
            "visibility": 10000,
            "pop": 0.3,
            "rain": {
                "3h": 0.14
            },
            "sys": {
                "pod": "n"
            },
            "dt_txt": "2021-12-28 18:00:00"
        },
        {
            "dt": 1640725200,
            "main": {
                "temp": 2.08,
                "feels_like": -1.02,
                "temp_min": 2.08,
                "temp_max": 2.08,
                "pressure": 997,
                "sea_level": 997,
                "grnd_level": 992,
                "humidity": 98,
                "temp_kf": 0
            },
            "weather": [
                {
                    "id": 500,
                    "main": "Rain",
                    "description": "light rain",
                    "icon": "10n"
                }
            ],
            "clouds": {
                "all": 100
            },
            "wind": {
                "speed": 3.02,
                "deg": 155,
                "gust": 6.93
            },
            "visibility": 10000,
            "pop": 1,
            "rain": {
                "3h": 1.71
            },
            "sys": {
                "pod": "n"
            },
            "dt_txt": "2021-12-28 21:00:00"
        },
        {
            "dt": 1640736000,
            "main": {
                "temp": 2.45,
                "feels_like": 0.43,
                "temp_min": 2.45,
                "temp_max": 2.45,
                "pressure": 998,
                "sea_level": 998,
                "grnd_level": 992,
                "humidity": 98,
                "temp_kf": 0
            },
            "weather": [
                {
                    "id": 500,
                    "main": "Rain",
                    "description": "light rain",
                    "icon": "10n"
                }
            ],
            "clouds": {
                "all": 100
            },
            "wind": {
                "speed": 1.97,
                "deg": 194,
                "gust": 4.02
            },
            "visibility": 10000,
            "pop": 1,
            "rain": {
                "3h": 0.57
            },
            "sys": {
                "pod": "n"
            },
            "dt_txt": "2021-12-29 00:00:00"
        },
        {
            "dt": 1640746800,
            "main": {
                "temp": 1.94,
                "feels_like": -0.18,
                "temp_min": 1.94,
                "temp_max": 1.94,
                "pressure": 999,
                "sea_level": 999,
                "grnd_level": 993,
                "humidity": 96,
                "temp_kf": 0
            },
            "weather": [
                {
                    "id": 804,
                    "main": "Clouds",
                    "description": "overcast clouds",
                    "icon": "04n"
                }
            ],
            "clouds": {
                "all": 92
            },
            "wind": {
                "speed": 1.99,
                "deg": 217,
                "gust": 3.23
            },
            "visibility": 10000,
            "pop": 0.04,
            "sys": {
                "pod": "n"
            },
            "dt_txt": "2021-12-29 03:00:00"
        },
        {
            "dt": 1640757600,
            "main": {
                "temp": 2.65,
                "feels_like": 1.24,
                "temp_min": 2.65,
                "temp_max": 2.65,
                "pressure": 1000,
                "sea_level": 1000,
                "grnd_level": 995,
                "humidity": 98,
                "temp_kf": 0
            },
            "weather": [
                {
                    "id": 500,
                    "main": "Rain",
                    "description": "light rain",
                    "icon": "10n"
                }
            ],
            "clouds": {
                "all": 96
            },
            "wind": {
                "speed": 1.52,
                "deg": 193,
                "gust": 1.52
            },
            "visibility": 10000,
            "pop": 0.25,
            "rain": {
                "3h": 0.14
            },
            "sys": {
                "pod": "n"
            },
            "dt_txt": "2021-12-29 06:00:00"
        },
        {
            "dt": 1640768400,
            "main": {
                "temp": 3.43,
                "feels_like": 1.29,
                "temp_min": 3.43,
                "temp_max": 3.43,
                "pressure": 1002,
                "sea_level": 1002,
                "grnd_level": 997,
                "humidity": 98,
                "temp_kf": 0
            },
            "weather": [
                {
                    "id": 804,
                    "main": "Clouds",
                    "description": "overcast clouds",
                    "icon": "04d"
                }
            ],
            "clouds": {
                "all": 98
            },
            "wind": {
                "speed": 2.24,
                "deg": 240,
                "gust": 6.48
            },
            "visibility": 10000,
            "pop": 0.09,
            "sys": {
                "pod": "d"
            },
            "dt_txt": "2021-12-29 09:00:00"
        },
        {
            "dt": 1640779200,
            "main": {
                "temp": 4.07,
                "feels_like": 1.8,
                "temp_min": 4.07,
                "temp_max": 4.07,
                "pressure": 1004,
                "sea_level": 1004,
                "grnd_level": 998,
                "humidity": 98,
                "temp_kf": 0
            },
            "weather": [
                {
                    "id": 804,
                    "main": "Clouds",
                    "description": "overcast clouds",
                    "icon": "04d"
                }
            ],
            "clouds": {
                "all": 99
            },
            "wind": {
                "speed": 2.5,
                "deg": 245,
                "gust": 7.82
            },
            "visibility": 10000,
            "pop": 0,
            "sys": {
                "pod": "d"
            },
            "dt_txt": "2021-12-29 12:00:00"
        },
        {
            "dt": 1640790000,
            "main": {
                "temp": 3.35,
                "feels_like": 1.35,
                "temp_min": 3.35,
                "temp_max": 3.35,
                "pressure": 1004,
                "sea_level": 1004,
                "grnd_level": 999,
                "humidity": 97,
                "temp_kf": 0
            },
            "weather": [
                {
                    "id": 804,
                    "main": "Clouds",
                    "description": "overcast clouds",
                    "icon": "04n"
                }
            ],
            "clouds": {
                "all": 97
            },
            "wind": {
                "speed": 2.09,
                "deg": 216,
                "gust": 2.98
            },
            "visibility": 10000,
            "pop": 0,
            "sys": {
                "pod": "n"
            },
            "dt_txt": "2021-12-29 15:00:00"
        },
        {
            "dt": 1640800800,
            "main": {
                "temp": 4.36,
                "feels_like": 2.06,
                "temp_min": 4.36,
                "temp_max": 4.36,
                "pressure": 1004,
                "sea_level": 1004,
                "grnd_level": 998,
                "humidity": 98,
                "temp_kf": 0
            },
            "weather": [
                {
                    "id": 804,
                    "main": "Clouds",
                    "description": "overcast clouds",
                    "icon": "04n"
                }
            ],
            "clouds": {
                "all": 98
            },
            "wind": {
                "speed": 2.6,
                "deg": 177,
                "gust": 5.68
            },
            "visibility": 10000,
            "pop": 0,
            "sys": {
                "pod": "n"
            },
            "dt_txt": "2021-12-29 18:00:00"
        },
        {
            "dt": 1640811600,
            "main": {
                "temp": 4.45,
                "feels_like": 1.56,
                "temp_min": 4.45,
                "temp_max": 4.45,
                "pressure": 1002,
                "sea_level": 1002,
                "grnd_level": 997,
                "humidity": 97,
                "temp_kf": 0
            },
            "weather": [
                {
                    "id": 804,
                    "main": "Clouds",
                    "description": "overcast clouds",
                    "icon": "04n"
                }
            ],
            "clouds": {
                "all": 100
            },
            "wind": {
                "speed": 3.4,
                "deg": 174,
                "gust": 10.01
            },
            "visibility": 10000,
            "pop": 0.21,
            "sys": {
                "pod": "n"
            },
            "dt_txt": "2021-12-29 21:00:00"
        },
        {
            "dt": 1640822400,
            "main": {
                "temp": 6.88,
                "feels_like": 3.31,
                "temp_min": 6.88,
                "temp_max": 6.88,
                "pressure": 1000,
                "sea_level": 1000,
                "grnd_level": 994,
                "humidity": 95,
                "temp_kf": 0
            },
            "weather": [
                {
                    "id": 500,
                    "main": "Rain",
                    "description": "light rain",
                    "icon": "10n"
                }
            ],
            "clouds": {
                "all": 100
            },
            "wind": {
                "speed": 5.92,
                "deg": 208,
                "gust": 15.62
            },
            "visibility": 10000,
            "pop": 1,
            "rain": {
                "3h": 2.61
            },
            "sys": {
                "pod": "n"
            },
            "dt_txt": "2021-12-30 00:00:00"
        },
        {
            "dt": 1640833200,
            "main": {
                "temp": 9.75,
                "feels_like": 6.16,
                "temp_min": 9.75,
                "temp_max": 9.75,
                "pressure": 999,
                "sea_level": 999,
                "grnd_level": 994,
                "humidity": 81,
                "temp_kf": 0
            },
            "weather": [
                {
                    "id": 500,
                    "main": "Rain",
                    "description": "light rain",
                    "icon": "10n"
                }
            ],
            "clouds": {
                "all": 100
            },
            "wind": {
                "speed": 8.76,
                "deg": 255,
                "gust": 18.95
            },
            "visibility": 10000,
            "pop": 0.26,
            "rain": {
                "3h": 0.23
            },
            "sys": {
                "pod": "n"
            },
            "dt_txt": "2021-12-30 03:00:00"
        },
        {
            "dt": 1640844000,
            "main": {
                "temp": 9.59,
                "feels_like": 5.5,
                "temp_min": 9.59,
                "temp_max": 9.59,
                "pressure": 1001,
                "sea_level": 1001,
                "grnd_level": 996,
                "humidity": 76,
                "temp_kf": 0
            },
            "weather": [
                {
                    "id": 500,
                    "main": "Rain",
                    "description": "light rain",
                    "icon": "10n"
                }
            ],
            "clouds": {
                "all": 100
            },
            "wind": {
                "speed": 10.82,
                "deg": 273,
                "gust": 22.22
            },
            "visibility": 10000,
            "pop": 0.21,
            "rain": {
                "3h": 0.16
            },
            "sys": {
                "pod": "n"
            },
            "dt_txt": "2021-12-30 06:00:00"
        },
        {
            "dt": 1640854800,
            "main": {
                "temp": 8.91,
                "feels_like": 5.19,
                "temp_min": 8.91,
                "temp_max": 8.91,
                "pressure": 1005,
                "sea_level": 1005,
                "grnd_level": 1000,
                "humidity": 84,
                "temp_kf": 0
            },
            "weather": [
                {
                    "id": 500,
                    "main": "Rain",
                    "description": "light rain",
                    "icon": "10d"
                }
            ],
            "clouds": {
                "all": 100
            },
            "wind": {
                "speed": 8.25,
                "deg": 281,
                "gust": 17.91
            },
            "visibility": 10000,
            "pop": 0.2,
            "rain": {
                "3h": 0.15
            },
            "sys": {
                "pod": "d"
            },
            "dt_txt": "2021-12-30 09:00:00"
        },
        {
            "dt": 1640865600,
            "main": {
                "temp": 8.88,
                "feels_like": 5.77,
                "temp_min": 8.88,
                "temp_max": 8.88,
                "pressure": 1007,
                "sea_level": 1007,
                "grnd_level": 1002,
                "humidity": 85,
                "temp_kf": 0
            },
            "weather": [
                {
                    "id": 500,
                    "main": "Rain",
                    "description": "light rain",
                    "icon": "10d"
                }
            ],
            "clouds": {
                "all": 100
            },
            "wind": {
                "speed": 6.16,
                "deg": 276,
                "gust": 13.51
            },
            "visibility": 10000,
            "pop": 0.23,
            "rain": {
                "3h": 0.17
            },
            "sys": {
                "pod": "d"
            },
            "dt_txt": "2021-12-30 12:00:00"
        },
        {
            "dt": 1640876400,
            "main": {
                "temp": 8.25,
                "feels_like": 5.65,
                "temp_min": 8.25,
                "temp_max": 8.25,
                "pressure": 1010,
                "sea_level": 1010,
                "grnd_level": 1005,
                "humidity": 91,
                "temp_kf": 0
            },
            "weather": [
                {
                    "id": 804,
                    "main": "Clouds",
                    "description": "overcast clouds",
                    "icon": "04d"
                }
            ],
            "clouds": {
                "all": 100
            },
            "wind": {
                "speed": 4.43,
                "deg": 273,
                "gust": 10.33
            },
            "visibility": 10000,
            "pop": 0.09,
            "sys": {
                "pod": "d"
            },
            "dt_txt": "2021-12-30 15:00:00"
        },
        {
            "dt": 1640887200,
            "main": {
                "temp": 7.87,
                "feels_like": 6.56,
                "temp_min": 7.87,
                "temp_max": 7.87,
                "pressure": 1011,
                "sea_level": 1011,
                "grnd_level": 1005,
                "humidity": 95,
                "temp_kf": 0
            },
            "weather": [
                {
                    "id": 804,
                    "main": "Clouds",
                    "description": "overcast clouds",
                    "icon": "04n"
                }
            ],
            "clouds": {
                "all": 100
            },
            "wind": {
                "speed": 2.17,
                "deg": 250,
                "gust": 5.48
            },
            "visibility": 10000,
            "pop": 0,
            "sys": {
                "pod": "n"
            },
            "dt_txt": "2021-12-30 18:00:00"
        },
        {
            "dt": 1640898000,
            "main": {
                "temp": 9.06,
                "feels_like": 7.03,
                "temp_min": 9.06,
                "temp_max": 9.06,
                "pressure": 1011,
                "sea_level": 1011,
                "grnd_level": 1006,
                "humidity": 97,
                "temp_kf": 0
            },
            "weather": [
                {
                    "id": 804,
                    "main": "Clouds",
                    "description": "overcast clouds",
                    "icon": "04n"
                }
            ],
            "clouds": {
                "all": 100
            },
            "wind": {
                "speed": 3.63,
                "deg": 241,
                "gust": 12.04
            },
            "visibility": 10000,
            "pop": 0.12,
            "sys": {
                "pod": "n"
            },
            "dt_txt": "2021-12-30 21:00:00"
        },
        {
            "dt": 1640908800,
            "main": {
                "temp": 10.21,
                "feels_like": 9.82,
                "temp_min": 10.21,
                "temp_max": 10.21,
                "pressure": 1011,
                "sea_level": 1011,
                "grnd_level": 1006,
                "humidity": 97,
                "temp_kf": 0
            },
            "weather": [
                {
                    "id": 500,
                    "main": "Rain",
                    "description": "light rain",
                    "icon": "10n"
                }
            ],
            "clouds": {
                "all": 100
            },
            "wind": {
                "speed": 3.94,
                "deg": 245,
                "gust": 12.09
            },
            "visibility": 10000,
            "pop": 0.88,
            "rain": {
                "3h": 0.69
            },
            "sys": {
                "pod": "n"
            },
            "dt_txt": "2021-12-31 00:00:00"
        },
        {
            "dt": 1640919600,
            "main": {
                "temp": 11.63,
                "feels_like": 11.2,
                "temp_min": 11.63,
                "temp_max": 11.63,
                "pressure": 1011,
                "sea_level": 1011,
                "grnd_level": 1006,
                "humidity": 90,
                "temp_kf": 0
            },
            "weather": [
                {
                    "id": 500,
                    "main": "Rain",
                    "description": "light rain",
                    "icon": "10n"
                }
            ],
            "clouds": {
                "all": 100
            },
            "wind": {
                "speed": 5.81,
                "deg": 259,
                "gust": 13.94
            },
            "visibility": 10000,
            "pop": 0.9,
            "rain": {
                "3h": 1.67
            },
            "sys": {
                "pod": "n"
            },
            "dt_txt": "2021-12-31 03:00:00"
        },
        {
            "dt": 1640930400,
            "main": {
                "temp": 12.13,
                "feels_like": 11.75,
                "temp_min": 12.13,
                "temp_max": 12.13,
                "pressure": 1010,
                "sea_level": 1010,
                "grnd_level": 1005,
                "humidity": 90,
                "temp_kf": 0
            },
            "weather": [
                {
                    "id": 500,
                    "main": "Rain",
                    "description": "light rain",
                    "icon": "10n"
                }
            ],
            "clouds": {
                "all": 100
            },
            "wind": {
                "speed": 6.78,
                "deg": 257,
                "gust": 15.29
            },
            "visibility": 10000,
            "pop": 0.86,
            "rain": {
                "3h": 0.6
            },
            "sys": {
                "pod": "n"
            },
            "dt_txt": "2021-12-31 06:00:00"
        },
        {
            "dt": 1640941200,
            "main": {
                "temp": 12.27,
                "feels_like": 11.8,
                "temp_min": 12.27,
                "temp_max": 12.27,
                "pressure": 1011,
                "sea_level": 1011,
                "grnd_level": 1006,
                "humidity": 86,
                "temp_kf": 0
            },
            "weather": [
                {
                    "id": 804,
                    "main": "Clouds",
                    "description": "overcast clouds",
                    "icon": "04d"
                }
            ],
            "clouds": {
                "all": 99
            },
            "wind": {
                "speed": 6.66,
                "deg": 253,
                "gust": 13.56
            },
            "visibility": 10000,
            "pop": 0.07,
            "sys": {
                "pod": "d"
            },
            "dt_txt": "2021-12-31 09:00:00"
        },
        {
            "dt": 1640952000,
            "main": {
                "temp": 12.87,
                "feels_like": 12.3,
                "temp_min": 12.87,
                "temp_max": 12.87,
                "pressure": 1009,
                "sea_level": 1009,
                "grnd_level": 1004,
                "humidity": 80,
                "temp_kf": 0
            },
            "weather": [
                {
                    "id": 804,
                    "main": "Clouds",
                    "description": "overcast clouds",
                    "icon": "04d"
                }
            ],
            "clouds": {
                "all": 98
            },
            "wind": {
                "speed": 5.67,
                "deg": 236,
                "gust": 11.77
            },
            "visibility": 10000,
            "pop": 0,
            "sys": {
                "pod": "d"
            },
            "dt_txt": "2021-12-31 12:00:00"
        },
        {
            "dt": 1640962800,
            "main": {
                "temp": 11.74,
                "feels_like": 11.19,
                "temp_min": 11.74,
                "temp_max": 11.74,
                "pressure": 1005,
                "sea_level": 1005,
                "grnd_level": 1000,
                "humidity": 85,
                "temp_kf": 0
            },
            "weather": [
                {
                    "id": 500,
                    "main": "Rain",
                    "description": "light rain",
                    "icon": "10d"
                }
            ],
            "clouds": {
                "all": 63
            },
            "wind": {
                "speed": 6.04,
                "deg": 219,
                "gust": 13.67
            },
            "visibility": 10000,
            "pop": 0.22,
            "rain": {
                "3h": 0.23
            },
            "sys": {
                "pod": "d"
            },
            "dt_txt": "2021-12-31 15:00:00"
        },
        {
            "dt": 1640973600,
            "main": {
                "temp": 12.12,
                "feels_like": 11.32,
                "temp_min": 12.12,
                "temp_max": 12.12,
                "pressure": 1004,
                "sea_level": 1004,
                "grnd_level": 999,
                "humidity": 74,
                "temp_kf": 0
            },
            "weather": [
                {
                    "id": 500,
                    "main": "Rain",
                    "description": "light rain",
                    "icon": "10n"
                }
            ],
            "clouds": {
                "all": 82
            },
            "wind": {
                "speed": 7.72,
                "deg": 252,
                "gust": 14.78
            },
            "visibility": 9090,
            "pop": 0.71,
            "rain": {
                "3h": 0.78
            },
            "sys": {
                "pod": "n"
            },
            "dt_txt": "2021-12-31 18:00:00"
        }
    ],
    "city": {
        "id": 6545310,
        "name": "Mitte",
        "coord": {
            "lat": 52.5244,
            "lon": 13.4105
        },
        "country": "DE",
        "population": 329078,
        "timezone": 3600,
        "sunrise": 1640503014,
        "sunset": 1640530609
    }
}
]]></system-out>
  </testcase>
  <testcase name="getForecastWeatherByCoordinates{String, int, float, float}[3]" classname="ru.gb.OpenWeatherTest" time="0.269"/>
  <testcase name="getForecastWeatherByCoordinates{String, int, float, float}[4]" classname="ru.gb.OpenWeatherTest" time="0.206"/>
  <testcase name="getForecastWeatherByCoordinates{String, int, float, float}[5]" classname="ru.gb.OpenWeatherTest" time="0.215"/>
  <testcase name="getForecastWeatherByCoordinates{String, int, float, float}[6]" classname="ru.gb.OpenWeatherTest" time="0.223"/>
  <testcase name="getForecastWeatherByCoordinates{String, int, float, float}[7]" classname="ru.gb.OpenWeatherTest" time="0.275"/>
  <testcase name="getForecastWeatherByCoordinates{String, int, float, float}[8]" classname="ru.gb.OpenWeatherTest" time="0.235"/>
  <testcase name="getForecastWeatherByCoordinates{String, int, float, float}[9]" classname="ru.gb.OpenWeatherTest" time="0.228"/>
  <testcase name="getForecastWeatherByCoordinates{String, int, float, float}[10]" classname="ru.gb.OpenWeatherTest" time="0.313"/>
  <testcase name="getForecastWeatherByCoordinates{String, int, float, float}[11]" classname="ru.gb.OpenWeatherTest" time="0.233"/>
  <testcase name="getForecastWeatherByCoordinates{String, int, float, float}[12]" classname="ru.gb.OpenWeatherTest" time="0.257"/>
  <testcase name="getForecastWeatherByCoordinates{String, int, float, float}[13]" classname="ru.gb.OpenWeatherTest" time="0.173"/>
  <testcase name="getForecastWeatherByCoordinates{String, int, float, float}[14]" classname="ru.gb.OpenWeatherTest" time="0.258"/>
  <testcase name="getForecastWeatherByCoordinates{String, int, float, float}[15]" classname="ru.gb.OpenWeatherTest" time="0.249"/>
</testsuite>