<?xml version="1.0" encoding="UTF-8"?>
<testsuite xmlns:xsi="http://www.w3.org/2001/XMLSchema-instance" xsi:noNamespaceSchemaLocation="https://maven.apache.org/surefire/maven-surefire-plugin/xsd/surefire-test-report.xsd" name="ru.gb.ProductTest" time="2.153" tests="6" errors="0" skipped="0" failures="0">
  <properties>
[...]
</properties>
  <testcase name="getProductPositiveTest" classname="ru.gb.ProductTest" time="0.773"/>
  <testcase name="modifyProductPositiveTest" classname="ru.gb.ProductTest" time="0.2"/>
  <testcase name="deleteProductPositiveTest" classname="ru.gb.ProductTest" time="0.218"/>
  <testcase name="getProductErrorIdNegativeTest" classname="ru.gb.ProductTest" time="0.084"/>
  <testcase name="createProductPositiveTest" classname="ru.gb.ProductTest" time="0.161"/>
  <testcase name="modifyProductInAbsentCategoryNegativeTest" classname="ru.gb.ProductTest" time="0.053"/>
</testsuite>